{
  "RSpec": {
    "coverage": {
      "/Users/inceptor/Projects/wdi-26/09-tdd/fruitstore/app/controllers/fruits_controller.rb": [
        1,
        1,
        6,
        6,
        6,
        9,
        null,
        null,
        null
      ],
      "/Users/inceptor/Projects/wdi-26/09-tdd/fruitstore/app/controllers/application_controller.rb": [
        1,
        1,
        null
      ],
      "/Users/inceptor/Projects/wdi-26/09-tdd/fruitstore/app/models/fruit.rb": [
        1,
        1,
        null,
        1,
        0,
        null,
        null
      ],
      "/Users/inceptor/Projects/wdi-26/09-tdd/fruitstore/app/models/application_record.rb": [
        1,
        1,
        null
      ]
    },
    "timestamp": 1525067970
  }
}
