{
  "RSpec": {
    "coverage": {
      "/Users/inceptor/Projects/wdi-26/09-tdd/fruitstore/app/controllers/fruits_controller.rb": [
        1,
        1,
        6,
        6,
        6,
        9,
        null,
        null,
        null,
        1,
        4,
        4,
        2,
        null,
        2,
        null,
        null,
        null,
        1,
        0,
        null,
        null,
        1,
        1,
        4,
        null,
        null
      ],
      "/Users/inceptor/Projects/wdi-26/09-tdd/fruitstore/app/controllers/application_controller.rb": [
        1,
        1,
        null
      ],
      "/Users/inceptor/Projects/wdi-26/09-tdd/fruitstore/spec/helpers/fruits_helper_spec.rb": [
        1,
        null,
        null,
        null,
        null,
        null,
        null,
        null,
        null,
        null,
        null,
        null,
        1,
        1,
        null
      ],
      "/Users/inceptor/Projects/wdi-26/09-tdd/fruitstore/spec/models/fruit_spec.rb": [
        1,
        null,
        1,
        null,
        2,
        null,
        1,
        1,
        2,
        null,
        null,
        1,
        1,
        null,
        null,
        1,
        1,
        1,
        1,
        1,
        1,
        1,
        null,
        null,
        null,
        1,
        1,
        2,
        null,
        null,
        1,
        1,
        null,
        null,
        1,
        1,
        1,
        1,
        1,
        1,
        1,
        null,
        null,
        null
      ],
      "/Users/inceptor/Projects/wdi-26/09-tdd/fruitstore/app/models/fruit.rb": [
        1,
        1,
        null,
        1,
        null,
        1,
        1,
        null,
        null
      ],
      "/Users/inceptor/Projects/wdi-26/09-tdd/fruitstore/app/models/application_record.rb": [
        1,
        1,
        null
      ],
      "/Users/inceptor/Projects/wdi-26/09-tdd/fruitstore/spec/models/shelf_spec.rb": [
        1,
        null,
        1,
        2,
        null
      ],
      "/Users/inceptor/Projects/wdi-26/09-tdd/fruitstore/app/models/shelf.rb": [
        1,
        1,
        null
      ],
      "/Users/inceptor/Projects/wdi-26/09-tdd/fruitstore/app/models/apple.rb": [
        1,
        1,
        1,
        null,
        null
      ],
      "/Users/inceptor/Projects/wdi-26/09-tdd/fruitstore/app/models/pear.rb": [
        1,
        null
      ]
    },
    "timestamp": 1525133686
  }
}
